[debug] [2023-12-16T00:45:50.371Z] ----------------------------------------------------------------------
[debug] [2023-12-16T00:45:50.372Z] Command:       /Users/juliogarciagarrido/.nvm/versions/node/v18.16.0/bin/node /Users/juliogarciagarrido/.nvm/versions/node/v18.16.0/bin/firebase serve --only functions
[debug] [2023-12-16T00:45:50.372Z] CLI Version:   13.0.2
[debug] [2023-12-16T00:45:50.372Z] Platform:      darwin
[debug] [2023-12-16T00:45:50.372Z] Node Version:  v18.16.0
[debug] [2023-12-16T00:45:50.373Z] Time:          Sat Dec 16 2023 01:45:50 GMT+0100 (hora estándar de Europa central)
[debug] [2023-12-16T00:45:50.373Z] ----------------------------------------------------------------------
[debug] 
[debug] [2023-12-16T00:45:50.423Z] > command requires scopes: ["email","openid","https://www.googleapis.com/auth/cloudplatformprojects.readonly","https://www.googleapis.com/auth/firebase","https://www.googleapis.com/auth/cloud-platform"]
[debug] [2023-12-16T00:45:50.423Z] > authorizing via signed-in user (admin@foloou.me)
[debug] [2023-12-16T00:45:50.423Z] [iam] checking project helpwalkers-7f5de for permissions ["firebase.projects.get"]
[debug] [2023-12-16T00:45:50.424Z] >>> [apiv2][query] POST https://cloudresourcemanager.googleapis.com/v1/projects/helpwalkers-7f5de:testIamPermissions [none]
[debug] [2023-12-16T00:45:50.424Z] >>> [apiv2][(partial)header] POST https://cloudresourcemanager.googleapis.com/v1/projects/helpwalkers-7f5de:testIamPermissions x-goog-quota-user=projects/helpwalkers-7f5de
[debug] [2023-12-16T00:45:50.424Z] >>> [apiv2][body] POST https://cloudresourcemanager.googleapis.com/v1/projects/helpwalkers-7f5de:testIamPermissions {"permissions":["firebase.projects.get"]}
[debug] [2023-12-16T00:45:51.125Z] <<< [apiv2][status] POST https://cloudresourcemanager.googleapis.com/v1/projects/helpwalkers-7f5de:testIamPermissions 200
[debug] [2023-12-16T00:45:51.126Z] <<< [apiv2][body] POST https://cloudresourcemanager.googleapis.com/v1/projects/helpwalkers-7f5de:testIamPermissions {"permissions":["firebase.projects.get"]}
[debug] [2023-12-16T00:45:51.128Z] >>> [apiv2][query] GET https://firebase.googleapis.com/v1beta1/projects/helpwalkers-7f5de [none]
[debug] [2023-12-16T00:45:51.433Z] <<< [apiv2][status] GET https://firebase.googleapis.com/v1beta1/projects/helpwalkers-7f5de 200
[debug] [2023-12-16T00:45:51.434Z] <<< [apiv2][body] GET https://firebase.googleapis.com/v1beta1/projects/helpwalkers-7f5de {"projectId":"helpwalkers-7f5de","projectNumber":"76219006269","displayName":"HelpWalkers","name":"projects/helpwalkers-7f5de","resources":{"hostingSite":"helpwalkers-7f5de"},"state":"ACTIVE","etag":"1_7c3fcd85-bd11-458e-8ffb-6f2ad2eed809"}
[debug] [2023-12-16T00:45:51.439Z] defaultcredentials: writing to file /Users/juliogarciagarrido/.config/firebase/admin_foloou_me_application_default_credentials.json
[debug] [2023-12-16T00:45:51.440Z] Setting GAC to /Users/juliogarciagarrido/.config/firebase/admin_foloou_me_application_default_credentials.json {"metadata":{"emulator":{"name":"functions"},"message":"Setting GAC to /Users/juliogarciagarrido/.config/firebase/admin_foloou_me_application_default_credentials.json"}}
[debug] [2023-12-16T00:45:51.440Z] >>> [apiv2][query] GET https://firebase.googleapis.com/v1beta1/projects/helpwalkers-7f5de/adminSdkConfig [none]
[debug] [2023-12-16T00:45:51.664Z] <<< [apiv2][status] GET https://firebase.googleapis.com/v1beta1/projects/helpwalkers-7f5de/adminSdkConfig 200
[debug] [2023-12-16T00:45:51.664Z] <<< [apiv2][body] GET https://firebase.googleapis.com/v1beta1/projects/helpwalkers-7f5de/adminSdkConfig {"projectId":"helpwalkers-7f5de","storageBucket":"helpwalkers-7f5de.appspot.com"}
[debug] [2023-12-16T00:45:51.678Z] Error: listen EADDRINUSE: address already in use ::1:5000
    at Server.setupListenHandle [as _listen2] (node:net:1740:16)
    at listenInCluster (node:net:1788:12)
    at GetAddrInfoReqWrap.doListen [as callback] (node:net:1937:7)
    at GetAddrInfoReqWrap.onlookup [as oncomplete] (node:dns:109:8)
[error] 
[error] Error: An unexpected error has occurred.
[info] i  functions: Watching "/Users/juliogarciagarrido/functions" for Cloud Functions... {"metadata":{"emulator":{"name":"functions"},"message":"Watching \"/Users/juliogarciagarrido/functions\" for Cloud Functions..."}}
[debug] [2023-12-16T00:45:51.682Z] Validating nodejs source
